
> web@0.0.0 build /home/nox/TASK/apps/web
> next build

▲ Next.js 16.1.1 (Turbopack)
- Environments: .env.local, .env.production
- Experiments (use with caution):
  ✓ externalDir

  Creating an optimized production build ...

> Build error occurred
Error: Turbopack build failed with 2 errors:
./apps/web/app/dashboard/page.tsx:5:1
Module not found: Can't resolve '../lib/store'
[0m [90m 3 |[39m [36mimport[39m { useEffect[33m,[39m useState } [36mfrom[39m [32m"react"[39m[33m;[39m
 [90m 4 |[39m [36mimport[39m { [33mKpiCard[39m[33m,[39m [33mStatusPill[39m[33m,[39m [33mCard[39m[33m,[39m [33mSkeleton[39m[33m,[39m [33mButton[39m } [36mfrom[39m [32m"@task/ui"[39m[33m;[39m
[31m[1m>[22m[39m[90m 5 |[39m [36mimport[39m { useDashboardStore } [36mfrom[39m [32m"../lib/store"[39m[33m;[39m
 [90m   |[39m [31m[1m^[22m[39m[31m[1m^[22m[39m[31m[1m^[22m[39m[31m[1m^[22m[39m[31m[1m^[22m[39m[31m[1m^[22m[39m[31m[1m^[22m[39m[31m[1m^[22m[39m[31m[1m^[22m[39m[31m[1m^[22m[39m[31m[1m^[22m[39m[31m[1m^[22m[39m[31m[1m^[22m[39m[31m[1m^[22m[39m[31m[1m^[22m[39m[31m[1m^[22m[39m[31m[1m^[22m[39m[31m[1m^[22m[39m[31m[1m^[22m[39m[31m[1m^[22m[39m[31m[1m^[22m[39m[31m[1m^[22m[39m[31m[1m^[22m[39m[31m[1m^[22m[39m[31m[1m^[22m[39m[31m[1m^[22m[39m[31m[1m^[22m[39m[31m[1m^[22m[39m[31m[1m^[22m[39m[31m[1m^[22m[39m[31m[1m^[22m[39m[31m[1m^[22m[39m[31m[1m^[22m[39m[31m[1m^[22m[39m[31m[1m^[22m[39m[31m[1m^[22m[39m[31m[1m^[22m[39m[31m[1m^[22m[39m[31m[1m^[22m[39m[31m[1m^[22m[39m[31m[1m^[22m[39m[31m[1m^[22m[39m[31m[1m^[22m[39m[31m[1m^[22m[39m[31m[1m^[22m[39m[31m[1m^[22m[39m[31m[1m^[22m[39m[31m[1m^[22m[39m[31m[1m^[22m[39m
 [90m 6 |[39m [36mimport[39m { connectActivity } [36mfrom[39m [32m"../lib/ws"[39m[33m;[39m
 [90m 7 |[39m [36mimport[39m type { [33mActivityEvent[39m } [36mfrom[39m [32m"../lib/ws"[39m[33m;[39m
 [90m 8 |[39m[0m



Import traces:
  Client Component Browser:
    ./apps/web/app/dashboard/page.tsx [Client Component Browser]
    ./apps/web/app/dashboard/page.tsx [Server Component]

  Client Component SSR:
    ./apps/web/app/dashboard/page.tsx [Client Component SSR]
    ./apps/web/app/dashboard/page.tsx [Server Component]

https://nextjs.org/docs/messages/module-not-found


./apps/web/app/page.tsx:6:1
Module not found: Can't resolve './lib/store'
[0m [90m 4 |[39m [36mimport[39m { useEffect } [36mfrom[39m [32m"react"[39m[33m;[39m
 [90m 5 |[39m [36mimport[39m { [33mApi[39m } [36mfrom[39m [32m"./lib/api"[39m[33m;[39m
[31m[1m>[22m[39m[90m 6 |[39m [36mimport[39m { useDashboardStore } [36mfrom[39m [32m"./lib/store"[39m[33m;[39m
 [90m   |[39m [31m[1m^[22m[39m[31m[1m^[22m[39m[31m[1m^[22m[39m[31m[1m^[22m[39m[31m[1m^[22m[39m[31m[1m^[22m[39m[31m[1m^[22m[39m[31m[1m^[22m[39m[31m[1m^[22m[39m[31m[1m^[22m[39m[31m[1m^[22m[39m[31m[1m^[22m[39m[31m[1m^[22m[39m[31m[1m^[22m[39m[31m[1m^[22m[39m[31m[1m^[22m[39m[31m[1m^[22m[39m[31m[1m^[22m[39m[31m[1m^[22m[39m[31m[1m^[22m[39m[31m[1m^[22m[39m[31m[1m^[22m[39m[31m[1m^[22m[39m[31m[1m^[22m[39m[31m[1m^[22m[39m[31m[1m^[22m[39m[31m[1m^[22m[39m[31m[1m^[22m[39m[31m[1m^[22m[39m[31m[1m^[22m[39m[31m[1m^[22m[39m[31m[1m^[22m[39m[31m[1m^[22m[39m[31m[1m^[22m[39m[31m[1m^[22m[39m[31m[1m^[22m[39m[31m[1m^[22m[39m[31m[1m^[22m[39m[31m[1m^[22m[39m[31m[1m^[22m[39m[31m[1m^[22m[39m[31m[1m^[22m[39m[31m[1m^[22m[39m[31m[1m^[22m[39m[31m[1m^[22m[39m[31m[1m^[22m[39m[31m[1m^[22m[39m[31m[1m^[22m[39m
 [90m 7 |[39m [36mimport[39m { connectActivity } [36mfrom[39m [32m"./lib/ws"[39m[33m;[39m
 [90m 8 |[39m
 [90m 9 |[39m [36minterface[39m [33mBot[39m {[0m



Import traces:
  Client Component Browser:
    ./apps/web/app/page.tsx [Client Component Browser]
    ./apps/web/app/page.tsx [Server Component]

  Client Component SSR:
    ./apps/web/app/page.tsx [Client Component SSR]
    ./apps/web/app/page.tsx [Server Component]

https://nextjs.org/docs/messages/module-not-found


    at <unknown> (./apps/web/app/dashboard/page.tsx:5:1)
    at <unknown> (https://nextjs.org/docs/messages/module-not-found)
    at <unknown> (./apps/web/app/page.tsx:6:1)
    at <unknown> (https://nextjs.org/docs/messages/module-not-found)
 ELIFECYCLE  Command failed with exit code 1.
